app/build/intermediates/manifest_merge_blame_file/debug/processDebugMainManifest/manifest-merger-blame-debug-report.txt
1<?xml version="1.0" encoding="utf-8"?>
2<manifest xmlns:android="http://schemas.android.com/apk/res/android"
3    package="com.samp.mobile"
4    android:installLocation="auto"
5    android:versionCode="2"
6    android:versionName="TGRP | v1" >
7
8    <uses-sdk
9        android:minSdkVersion="26"
10        android:targetSdkVersion="34" />
11
12    <uses-permission android:name="INSTALL_PACKAGES" />
12-->src\main\AndroidManifest.xml:6:5-56
12-->src\main\AndroidManifest.xml:6:22-53
13    <uses-permission android:name="android.permission.BLUETOOTH_CONNECT" />
13-->src\main\AndroidManifest.xml:7:5-76
13-->src\main\AndroidManifest.xml:7:22-73
14    <uses-permission android:name="android.permission.WAKE_LOCK" />
14-->src\main\AndroidManifest.xml:8:5-68
14-->src\main\AndroidManifest.xml:8:22-65
15    <uses-permission android:name="android.permission.READ_EXTERNAL_STORAGE" />
15-->src\main\AndroidManifest.xml:9:5-80
15-->src\main\AndroidManifest.xml:9:22-77
16    <uses-permission android:name="android.permission.WRITE_EXTERNAL_STORAGE" />
16-->src\main\AndroidManifest.xml:10:5-81
16-->src\main\AndroidManifest.xml:10:22-78
17    <uses-permission android:name="android.permission.INTERNET" />
17-->src\main\AndroidManifest.xml:11:5-67
17-->src\main\AndroidManifest.xml:11:22-64
18    <uses-permission android:name="android.permission.VIBRATE" />
18-->src\main\AndroidManifest.xml:12:5-66
18-->src\main\AndroidManifest.xml:12:22-63
19    <uses-permission android:name="android.permission.ACCESS_ALL_DOWNLOADS" />
19-->src\main\AndroidManifest.xml:13:5-79
19-->src\main\AndroidManifest.xml:13:22-76
20    <uses-permission android:name="android.permission.ACCESS_NETWORK_STATE" />
20-->src\main\AndroidManifest.xml:14:5-79
20-->src\main\AndroidManifest.xml:14:22-76
21    <uses-permission android:name="com.android.vending.CHECK_LICENSE" />
21-->src\main\AndroidManifest.xml:15:5-73
21-->src\main\AndroidManifest.xml:15:22-70
22    <uses-permission android:name="android.permission.BLUETOOTH" />
22-->src\main\AndroidManifest.xml:16:5-68
22-->src\main\AndroidManifest.xml:16:22-65
23    <uses-permission android:name="android.permission.ACCESS_WIFI_STATE" />
23-->src\main\AndroidManifest.xml:17:5-75
23-->src\main\AndroidManifest.xml:17:22-73
24    <uses-permission android:name="android.permission.RECEIVE_BOOT_COMPLETED" />
24-->src\main\AndroidManifest.xml:18:5-81
24-->src\main\AndroidManifest.xml:18:22-78
25    <uses-permission android:name="android.permission.FOREGROUND_SERVICE" />
25-->src\main\AndroidManifest.xml:19:5-77
25-->src\main\AndroidManifest.xml:19:22-74
26    <uses-permission android:name="android.permission.REQUEST_INSTALL_PACKAGES" />
26-->src\main\AndroidManifest.xml:20:5-83
26-->src\main\AndroidManifest.xml:20:22-80
27    <uses-permission android:name="android.permission.MANAGE_EXTERNAL_STORAGE" />
27-->src\main\AndroidManifest.xml:21:5-82
27-->src\main\AndroidManifest.xml:21:22-79
28    <uses-permission android:name="android.permission.RECORD_AUDIO" />
28-->src\main\AndroidManifest.xml:22:5-71
28-->src\main\AndroidManifest.xml:22:22-68
29    <uses-permission android:name="android.permission.POST_NOTIFICATIONS" /> <!-- Required by older versions of Google Play services to create IID tokens -->
29-->[com.google.firebase:firebase-messaging:23.1.1] AndroidManifest.xml:25:5-77
29-->[com.google.firebase:firebase-messaging:23.1.1] AndroidManifest.xml:25:22-74
30    <uses-permission android:name="com.google.android.c2dm.permission.RECEIVE" />
30-->[com.google.firebase:firebase-messaging:23.1.1] AndroidManifest.xml:28:5-82
30-->[com.google.firebase:firebase-messaging:23.1.1] AndroidManifest.xml:28:22-79
31    <uses-permission android:name="com.google.android.gms.permission.AD_ID" />
31-->[com.google.android.gms:play-services-measurement-api:21.2.0] AndroidManifest.xml:25:5-79
31-->[com.google.android.gms:play-services-measurement-api:21.2.0] AndroidManifest.xml:25:22-76
32    <uses-permission android:name="com.google.android.finsky.permission.BIND_GET_INSTALL_REFERRER_SERVICE" />
32-->[com.google.android.gms:play-services-measurement:21.2.0] AndroidManifest.xml:26:5-110
32-->[com.google.android.gms:play-services-measurement:21.2.0] AndroidManifest.xml:26:22-107
33
34    <application
34-->src\main\AndroidManifest.xml:24:5-72:19
35        android:allowBackup="true"
35-->[com.github.smarteist:autoimageslider:1.4.0] AndroidManifest.xml:12:9-35
36        android:appComponentFactory="androidx.core.app.CoreComponentFactory"
36-->[androidx.core:core:1.3.2] AndroidManifest.xml:24:18-86
37        android:banner="@mipmap/ic_launcher"
37-->src\main\AndroidManifest.xml:27:9-45
38        android:extractNativeLibs="false"
39        android:gwpAsanMode="always"
39-->src\main\AndroidManifest.xml:25:9-37
40        android:hardwareAccelerated="false"
40-->src\main\AndroidManifest.xml:28:9-44
41        android:icon="@mipmap/ic_launcher"
41-->src\main\AndroidManifest.xml:29:9-43
42        android:isGame="true"
42-->src\main\AndroidManifest.xml:30:9-30
43        android:label="@string/app_name"
43-->src\main\AndroidManifest.xml:32:9-41
44        android:largeHeap="true"
44-->src\main\AndroidManifest.xml:31:9-33
45        android:networkSecurityConfig="@xml/network_security_config"
45-->src\main\AndroidManifest.xml:33:9-69
46        android:requestLegacyExternalStorage="true"
46-->src\main\AndroidManifest.xml:26:9-52
47        android:roundIcon="@mipmap/ic_launcher_round"
47-->src\main\AndroidManifest.xml:34:9-54
48        android:supportsRtl="true"
48-->src\main\AndroidManifest.xml:35:9-35
49        android:theme="@style/Theme.AppCompat.Light.NoActionBar"
49-->src\main\AndroidManifest.xml:36:9-65
50        android:usesCleartextTraffic="true"
50-->src\main\AndroidManifest.xml:37:9-44
51        android:windowSoftInputMode="adjustNothing" >
51-->src\main\AndroidManifest.xml:38:9-52
52        <provider
53            android:name="androidx.core.content.FileProvider"
53-->src\main\AndroidManifest.xml:41:13-62
54            android:authorities="com.samp.mobile.provider"
54-->src\main\AndroidManifest.xml:42:13-60
55            android:exported="false"
55-->src\main\AndroidManifest.xml:43:13-37
56            android:grantUriPermissions="true" >
56-->src\main\AndroidManifest.xml:44:13-47
57            <meta-data
57-->src\main\AndroidManifest.xml:45:13-47:58
58                android:name="android.support.FILE_PROVIDER_PATHS"
58-->src\main\AndroidManifest.xml:46:17-67
59                android:resource="@xml/provider_paths" />
59-->src\main\AndroidManifest.xml:47:17-55
60        </provider>
61
62        <!-- MainActivity с явным android:exported -->
63        <activity
63-->src\main\AndroidManifest.xml:51:9-57:20
64            android:name="com.samp.mobile.game.launcher.activity.MainActivity"
64-->src\main\AndroidManifest.xml:52:13-64
65            android:exported="true"
65-->src\main\AndroidManifest.xml:56:13-36
66            android:screenOrientation="landscape"
66-->src\main\AndroidManifest.xml:53:13-50
67            android:theme="@style/Theme.AppCompat.NoActionBar"
67-->src\main\AndroidManifest.xml:54:13-63
68            android:windowSoftInputMode="adjustNothing" >
68-->src\main\AndroidManifest.xml:55:13-56
69        </activity>
70        <activity
70-->src\main\AndroidManifest.xml:59:9-71:20
71            android:name="com.samp.mobile.game.SAMP"
71-->src\main\AndroidManifest.xml:60:13-53
72            android:configChanges="keyboard|keyboardHidden|orientation|screenSize|uiMode"
72-->src\main\AndroidManifest.xml:63:13-90
73            android:exported="true"
73-->src\main\AndroidManifest.xml:66:13-36
74            android:launchMode="singleTask"
74-->src\main\AndroidManifest.xml:64:13-44
75            android:screenOrientation="landscape"
75-->src\main\AndroidManifest.xml:61:13-50
76            android:theme="@style/Theme.AppCompat.NoActionBar"
76-->src\main\AndroidManifest.xml:62:13-63
77            android:windowSoftInputMode="adjustPan" >
77-->src\main\AndroidManifest.xml:65:13-52
78            <intent-filter>
78-->src\main\AndroidManifest.xml:67:13-70:29
79                <action android:name="android.intent.action.MAIN" />
79-->src\main\AndroidManifest.xml:68:17-69
79-->src\main\AndroidManifest.xml:68:25-66
80
81                <category android:name="android.intent.category.LAUNCHER" />
81-->src\main\AndroidManifest.xml:69:17-77
81-->src\main\AndroidManifest.xml:69:27-74
82            </intent-filter>
83        </activity>
84
85        <receiver
85-->[com.google.firebase:firebase-messaging:23.1.1] AndroidManifest.xml:31:9-38:20
86            android:name="com.google.firebase.iid.FirebaseInstanceIdReceiver"
86-->[com.google.firebase:firebase-messaging:23.1.1] AndroidManifest.xml:32:13-78
87            android:exported="true"
87-->[com.google.firebase:firebase-messaging:23.1.1] AndroidManifest.xml:33:13-36
88            android:permission="com.google.android.c2dm.permission.SEND" >
88-->[com.google.firebase:firebase-messaging:23.1.1] AndroidManifest.xml:34:13-73
89            <intent-filter>
89-->[com.google.firebase:firebase-messaging:23.1.1] AndroidManifest.xml:35:13-37:29
90                <action android:name="com.google.android.c2dm.intent.RECEIVE" />
90-->[com.google.firebase:firebase-messaging:23.1.1] AndroidManifest.xml:36:17-81
90-->[com.google.firebase:firebase-messaging:23.1.1] AndroidManifest.xml:36:25-78
91            </intent-filter>
92        </receiver>
93        <!--
94             FirebaseMessagingService performs security checks at runtime,
95             but set to not exported to explicitly avoid allowing another app to call it.
96        -->
97        <service
97-->[com.google.firebase:firebase-messaging:23.1.1] AndroidManifest.xml:44:9-51:19
98            android:name="com.google.firebase.messaging.FirebaseMessagingService"
98-->[com.google.firebase:firebase-messaging:23.1.1] AndroidManifest.xml:45:13-82
99            android:directBootAware="true"
99-->[com.google.firebase:firebase-messaging:23.1.1] AndroidManifest.xml:46:13-43
100            android:exported="false" >
100-->[com.google.firebase:firebase-messaging:23.1.1] AndroidManifest.xml:47:13-37
101            <intent-filter android:priority="-500" >
101-->[com.google.firebase:firebase-messaging:23.1.1] AndroidManifest.xml:48:13-50:29
101-->[com.google.firebase:firebase-messaging:23.1.1] AndroidManifest.xml:48:28-51
102                <action android:name="com.google.firebase.MESSAGING_EVENT" />
102-->[com.google.firebase:firebase-messaging:23.1.1] AndroidManifest.xml:49:17-78
102-->[com.google.firebase:firebase-messaging:23.1.1] AndroidManifest.xml:49:25-75
103            </intent-filter>
104        </service>
105        <service
105-->[com.google.firebase:firebase-messaging:23.1.1] AndroidManifest.xml:52:9-58:19
106            android:name="com.google.firebase.components.ComponentDiscoveryService"
106-->[com.google.firebase:firebase-messaging:23.1.1] AndroidManifest.xml:53:13-84
107            android:directBootAware="true"
107-->[com.google.firebase:firebase-common:20.2.0] AndroidManifest.xml:34:13-43
108            android:exported="false" >
108-->[com.google.firebase:firebase-messaging:23.1.1] AndroidManifest.xml:54:13-37
109            <meta-data
109-->[com.google.firebase:firebase-messaging:23.1.1] AndroidManifest.xml:55:13-57:85
110                android:name="com.google.firebase.components:com.google.firebase.messaging.FirebaseMessagingRegistrar"
110-->[com.google.firebase:firebase-messaging:23.1.1] AndroidManifest.xml:56:17-119
111                android:value="com.google.firebase.components.ComponentRegistrar" />
111-->[com.google.firebase:firebase-messaging:23.1.1] AndroidManifest.xml:57:17-82
112            <meta-data
112-->[com.google.firebase:firebase-datatransport:18.1.7] AndroidManifest.xml:27:13-29:85
113                android:name="com.google.firebase.components:com.google.firebase.datatransport.TransportRegistrar"
113-->[com.google.firebase:firebase-datatransport:18.1.7] AndroidManifest.xml:28:17-115
114                android:value="com.google.firebase.components.ComponentRegistrar" />
114-->[com.google.firebase:firebase-datatransport:18.1.7] AndroidManifest.xml:29:17-82
115            <meta-data
115-->[com.google.android.gms:play-services-measurement-api:21.2.0] AndroidManifest.xml:31:13-33:85
116                android:name="com.google.firebase.components:com.google.firebase.analytics.connector.internal.AnalyticsConnectorRegistrar"
116-->[com.google.android.gms:play-services-measurement-api:21.2.0] AndroidManifest.xml:32:17-139
117                android:value="com.google.firebase.components.ComponentRegistrar" />
117-->[com.google.android.gms:play-services-measurement-api:21.2.0] AndroidManifest.xml:33:17-82
118            <meta-data
118-->[com.google.firebase:firebase-installations:17.1.0] AndroidManifest.xml:17:13-19:85
119                android:name="com.google.firebase.components:com.google.firebase.installations.FirebaseInstallationsRegistrar"
119-->[com.google.firebase:firebase-installations:17.1.0] AndroidManifest.xml:18:17-127
120                android:value="com.google.firebase.components.ComponentRegistrar" />
120-->[com.google.firebase:firebase-installations:17.1.0] AndroidManifest.xml:19:17-82
121        </service>
122
123        <provider
123-->[androidx.lifecycle:lifecycle-process:2.2.0] AndroidManifest.xml:25:9-29:43
124            android:name="androidx.lifecycle.ProcessLifecycleOwnerInitializer"
124-->[androidx.lifecycle:lifecycle-process:2.2.0] AndroidManifest.xml:26:13-79
125            android:authorities="com.samp.mobile.lifecycle-process"
125-->[androidx.lifecycle:lifecycle-process:2.2.0] AndroidManifest.xml:27:13-69
126            android:exported="false"
126-->[androidx.lifecycle:lifecycle-process:2.2.0] AndroidManifest.xml:28:13-37
127            android:multiprocess="true" />
127-->[androidx.lifecycle:lifecycle-process:2.2.0] AndroidManifest.xml:29:13-40
128
129        <service
129-->[com.google.android.datatransport:transport-backend-cct:3.1.8] AndroidManifest.xml:28:9-34:19
130            android:name="com.google.android.datatransport.runtime.backends.TransportBackendDiscovery"
130-->[com.google.android.datatransport:transport-backend-cct:3.1.8] AndroidManifest.xml:29:13-103
131            android:exported="false" >
131-->[com.google.android.datatransport:transport-backend-cct:3.1.8] AndroidManifest.xml:30:13-37
132            <meta-data
132-->[com.google.android.datatransport:transport-backend-cct:3.1.8] AndroidManifest.xml:31:13-33:39
133                android:name="backend:com.google.android.datatransport.cct.CctBackendFactory"
133-->[com.google.android.datatransport:transport-backend-cct:3.1.8] AndroidManifest.xml:32:17-94
134                android:value="cct" />
134-->[com.google.android.datatransport:transport-backend-cct:3.1.8] AndroidManifest.xml:33:17-36
135        </service>
136        <service
136-->[com.google.android.datatransport:transport-runtime:3.1.8] AndroidManifest.xml:26:9-30:19
137            android:name="com.google.android.datatransport.runtime.scheduling.jobscheduling.JobInfoSchedulerService"
137-->[com.google.android.datatransport:transport-runtime:3.1.8] AndroidManifest.xml:27:13-117
138            android:exported="false"
138-->[com.google.android.datatransport:transport-runtime:3.1.8] AndroidManifest.xml:28:13-37
139            android:permission="android.permission.BIND_JOB_SERVICE" >
139-->[com.google.android.datatransport:transport-runtime:3.1.8] AndroidManifest.xml:29:13-69
140        </service>
141
142        <receiver
142-->[com.google.android.datatransport:transport-runtime:3.1.8] AndroidManifest.xml:32:9-34:40
143            android:name="com.google.android.datatransport.runtime.scheduling.jobscheduling.AlarmManagerSchedulerBroadcastReceiver"
143-->[com.google.android.datatransport:transport-runtime:3.1.8] AndroidManifest.xml:33:13-132
144            android:exported="false" />
144-->[com.google.android.datatransport:transport-runtime:3.1.8] AndroidManifest.xml:34:13-37
145
146        <provider
146-->[com.google.firebase:firebase-common:20.2.0] AndroidManifest.xml:25:9-30:39
147            android:name="com.google.firebase.provider.FirebaseInitProvider"
147-->[com.google.firebase:firebase-common:20.2.0] AndroidManifest.xml:26:13-77
148            android:authorities="com.samp.mobile.firebaseinitprovider"
148-->[com.google.firebase:firebase-common:20.2.0] AndroidManifest.xml:27:13-72
149            android:directBootAware="true"
149-->[com.google.firebase:firebase-common:20.2.0] AndroidManifest.xml:28:13-43
150            android:exported="false"
150-->[com.google.firebase:firebase-common:20.2.0] AndroidManifest.xml:29:13-37
151            android:initOrder="100" />
151-->[com.google.firebase:firebase-common:20.2.0] AndroidManifest.xml:30:13-36
152
153        <activity
153-->[com.google.android.gms:play-services-base:18.0.1] AndroidManifest.xml:20:9-22:45
154            android:name="com.google.android.gms.common.api.GoogleApiActivity"
154-->[com.google.android.gms:play-services-base:18.0.1] AndroidManifest.xml:20:19-85
155            android:exported="false"
155-->[com.google.android.gms:play-services-base:18.0.1] AndroidManifest.xml:22:19-43
156            android:theme="@android:style/Theme.Translucent.NoTitleBar" />
156-->[com.google.android.gms:play-services-base:18.0.1] AndroidManifest.xml:21:19-78
157
158        <receiver
158-->[com.google.android.gms:play-services-measurement:21.2.0] AndroidManifest.xml:29:9-33:20
159            android:name="com.google.android.gms.measurement.AppMeasurementReceiver"
159-->[com.google.android.gms:play-services-measurement:21.2.0] AndroidManifest.xml:30:13-85
160            android:enabled="true"
160-->[com.google.android.gms:play-services-measurement:21.2.0] AndroidManifest.xml:31:13-35
161            android:exported="false" >
161-->[com.google.android.gms:play-services-measurement:21.2.0] AndroidManifest.xml:32:13-37
162        </receiver>
163
164        <service
164-->[com.google.android.gms:play-services-measurement:21.2.0] AndroidManifest.xml:35:9-38:40
165            android:name="com.google.android.gms.measurement.AppMeasurementService"
165-->[com.google.android.gms:play-services-measurement:21.2.0] AndroidManifest.xml:36:13-84
166            android:enabled="true"
166-->[com.google.android.gms:play-services-measurement:21.2.0] AndroidManifest.xml:37:13-35
167            android:exported="false" />
167-->[com.google.android.gms:play-services-measurement:21.2.0] AndroidManifest.xml:38:13-37
168        <service
168-->[com.google.android.gms:play-services-measurement:21.2.0] AndroidManifest.xml:39:9-43:72
169            android:name="com.google.android.gms.measurement.AppMeasurementJobService"
169-->[com.google.android.gms:play-services-measurement:21.2.0] AndroidManifest.xml:40:13-87
170            android:enabled="true"
170-->[com.google.android.gms:play-services-measurement:21.2.0] AndroidManifest.xml:41:13-35
171            android:exported="false"
171-->[com.google.android.gms:play-services-measurement:21.2.0] AndroidManifest.xml:42:13-37
172            android:permission="android.permission.BIND_JOB_SERVICE" />
172-->[com.google.android.gms:play-services-measurement:21.2.0] AndroidManifest.xml:43:13-69
173
174        <meta-data
174-->[com.google.android.gms:play-services-basement:18.1.0] AndroidManifest.xml:21:9-23:69
175            android:name="com.google.android.gms.version"
175-->[com.google.android.gms:play-services-basement:18.1.0] AndroidManifest.xml:22:13-58
176            android:value="@integer/google_play_services_version" />
176-->[com.google.android.gms:play-services-basement:18.1.0] AndroidManifest.xml:23:13-66
177    </application>
178
179</manifest>